This file contains any messages produced by compilers while
running configure, to aid debugging if configure makes a mistake.

It was created by stressapptest configure 1.0.6_autoconf, which was
generated by GNU Autoconf 2.65.  Invocation command line was

  $ /vagrant/provision/files/stressapptest-1.0.6_autoconf/configure 

## --------- ##
## Platform. ##
## --------- ##

hostname = slave1
uname -m = x86_64
uname -r = 3.2.0-23-generic
uname -s = Linux
uname -v = #36-Ubuntu SMP Tue Apr 10 20:39:51 UTC 2012

/usr/bin/uname -p = unknown
/bin/uname -X     = unknown

/bin/arch              = unknown
/usr/bin/arch -k       = unknown
/usr/convex/getsysinfo = unknown
/usr/bin/hostinfo      = unknown
/bin/machine           = unknown
/usr/bin/oslevel       = unknown
/bin/universe          = unknown

PATH: /usr/bin
PATH: /bin
PATH: /usr/sbin
PATH: /sbin


## ----------- ##
## Core tests. ##
## ----------- ##

configure:2340: Compiling with dynamically linked libraries.
configure:2371: checking build system type
configure:2385: result: x86_64-unknown-linux-gnu
configure:2405: checking host system type
configure:2418: result: x86_64-unknown-linux-gnu
configure:2441: checking target system type
configure:2454: result: x86_64-unknown-linux-gnu
configure:2555: checking for a BSD-compatible install
configure:2623: result: /usr/bin/install -c
configure:2634: checking whether build environment is sane
configure:2684: result: yes
configure:2825: checking for a thread-safe mkdir -p
configure:2864: result: /bin/mkdir -p
configure:2877: checking for gawk
configure:2907: result: no
configure:2877: checking for mawk
configure:2893: found /usr/bin/mawk
configure:2904: result: mawk
configure:2915: checking whether make sets $(MAKE)
configure:2937: result: yes
configure:3083: checking for g++
configure:3099: found /usr/bin/g++
configure:3110: result: g++
configure:3137: checking for C++ compiler version
configure:3146: g++ --version >&5
g++ (Ubuntu/Linaro 4.6.3-1ubuntu5) 4.6.3
Copyright (C) 2011 Free Software Foundation, Inc.
This is free software; see the source for copying conditions.  There is NO
warranty; not even for MERCHANTABILITY or FITNESS FOR A PARTICULAR PURPOSE.

configure:3157: $? = 0
configure:3146: g++ -v >&5
Using built-in specs.
COLLECT_GCC=g++
COLLECT_LTO_WRAPPER=/usr/lib/gcc/x86_64-linux-gnu/4.6/lto-wrapper
Target: x86_64-linux-gnu
Configured with: ../src/configure -v --with-pkgversion='Ubuntu/Linaro 4.6.3-1ubuntu5' --with-bugurl=file:///usr/share/doc/gcc-4.6/README.Bugs --enable-languages=c,c++,fortran,objc,obj-c++ --prefix=/usr --program-suffix=-4.6 --enable-shared --enable-linker-build-id --with-system-zlib --libexecdir=/usr/lib --without-included-gettext --enable-threads=posix --with-gxx-include-dir=/usr/include/c++/4.6 --libdir=/usr/lib --enable-nls --with-sysroot=/ --enable-clocale=gnu --enable-libstdcxx-debug --enable-libstdcxx-time=yes --enable-gnu-unique-object --enable-plugin --enable-objc-gc --disable-werror --with-arch-32=i686 --with-tune=generic --enable-checking=release --build=x86_64-linux-gnu --host=x86_64-linux-gnu --target=x86_64-linux-gnu
Thread model: posix
gcc version 4.6.3 (Ubuntu/Linaro 4.6.3-1ubuntu5) 
configure:3157: $? = 0
configure:3146: g++ -V >&5
g++: error: unrecognized option '-V'
g++: fatal error: no input files
compilation terminated.
configure:3157: $? = 4
configure:3146: g++ -qversion >&5
g++: error: unrecognized option '-qversion'
g++: fatal error: no input files
compilation terminated.
configure:3157: $? = 4
configure:3177: checking whether the C++ compiler works
configure:3199: g++    conftest.cpp  >&5
configure:3203: $? = 0
configure:3252: result: yes
configure:3255: checking for C++ compiler default output file name
configure:3257: result: a.out
configure:3263: checking for suffix of executables
configure:3270: g++ -o conftest    conftest.cpp  >&5
configure:3274: $? = 0
configure:3296: result: 
configure:3318: checking whether we are cross compiling
configure:3326: g++ -o conftest    conftest.cpp  >&5
configure:3330: $? = 0
configure:3337: ./conftest
configure:3341: $? = 0
configure:3356: result: no
configure:3361: checking for suffix of object files
configure:3383: g++ -c   conftest.cpp >&5
configure:3387: $? = 0
configure:3408: result: o
configure:3412: checking whether we are using the GNU C++ compiler
configure:3431: g++ -c   conftest.cpp >&5
configure:3431: $? = 0
configure:3440: result: yes
configure:3449: checking whether g++ accepts -g
configure:3469: g++ -c -g  conftest.cpp >&5
configure:3469: $? = 0
configure:3510: result: yes
configure:3544: checking for style of include used by make
configure:3572: result: GNU
configure:3597: checking dependency style of g++
configure:3707: result: gcc3
configure:3770: checking for gcc
configure:3786: found /usr/bin/gcc
configure:3797: result: gcc
configure:4026: checking for C compiler version
configure:4035: gcc --version >&5
gcc (Ubuntu/Linaro 4.6.3-1ubuntu5) 4.6.3
Copyright (C) 2011 Free Software Foundation, Inc.
This is free software; see the source for copying conditions.  There is NO
warranty; not even for MERCHANTABILITY or FITNESS FOR A PARTICULAR PURPOSE.

configure:4046: $? = 0
configure:4035: gcc -v >&5
Using built-in specs.
COLLECT_GCC=gcc
COLLECT_LTO_WRAPPER=/usr/lib/gcc/x86_64-linux-gnu/4.6/lto-wrapper
Target: x86_64-linux-gnu
Configured with: ../src/configure -v --with-pkgversion='Ubuntu/Linaro 4.6.3-1ubuntu5' --with-bugurl=file:///usr/share/doc/gcc-4.6/README.Bugs --enable-languages=c,c++,fortran,objc,obj-c++ --prefix=/usr --program-suffix=-4.6 --enable-shared --enable-linker-build-id --with-system-zlib --libexecdir=/usr/lib --without-included-gettext --enable-threads=posix --with-gxx-include-dir=/usr/include/c++/4.6 --libdir=/usr/lib --enable-nls --with-sysroot=/ --enable-clocale=gnu --enable-libstdcxx-debug --enable-libstdcxx-time=yes --enable-gnu-unique-object --enable-plugin --enable-objc-gc --disable-werror --with-arch-32=i686 --with-tune=generic --enable-checking=release --build=x86_64-linux-gnu --host=x86_64-linux-gnu --target=x86_64-linux-gnu
Thread model: posix
gcc version 4.6.3 (Ubuntu/Linaro 4.6.3-1ubuntu5) 
configure:4046: $? = 0
configure:4035: gcc -V >&5
gcc: error: unrecognized option '-V'
gcc: fatal error: no input files
compilation terminated.
configure:4046: $? = 4
configure:4035: gcc -qversion >&5
gcc: error: unrecognized option '-qversion'
gcc: fatal error: no input files
compilation terminated.
configure:4046: $? = 4
configure:4050: checking whether we are using the GNU C compiler
configure:4069: gcc -c   conftest.c >&5
configure:4069: $? = 0
configure:4078: result: yes
configure:4087: checking whether gcc accepts -g
configure:4107: gcc -c -g  conftest.c >&5
configure:4107: $? = 0
configure:4148: result: yes
configure:4165: checking for gcc option to accept ISO C89
configure:4229: gcc  -c -g -O2  conftest.c >&5
configure:4229: $? = 0
configure:4242: result: none needed
configure:4264: checking dependency style of gcc
configure:4374: result: gcc3
configure:4392: checking user ID
configure:4394: result: root
configure:4398: checking host name
configure:4400: result: slave1
configure:4404: checking current timestamp
configure:4406: result: Fri Jun 21 17:28:15 UTC 2013
configure:4425: checking for dirent.h that defines DIR
configure:4444: gcc -c -g -O2  conftest.c >&5
configure:4444: $? = 0
configure:4452: result: yes
configure:4466: checking for library containing opendir
configure:4497: gcc -o conftest -g -O2   conftest.c  >&5
configure:4497: $? = 0
configure:4514: result: none required
configure:4586: checking how to run the C preprocessor
configure:4617: gcc -E  conftest.c
configure:4617: $? = 0
configure:4631: gcc -E  conftest.c
conftest.c:15:28: fatal error: ac_nonexistent.h: No such file or directory
compilation terminated.
configure:4631: $? = 1
configure: failed program was:
| /* confdefs.h */
| #define PACKAGE_NAME "stressapptest"
| #define PACKAGE_TARNAME "stressapptest"
| #define PACKAGE_VERSION "1.0.6_autoconf"
| #define PACKAGE_STRING "stressapptest 1.0.6_autoconf"
| #define PACKAGE_BUGREPORT "opensource@google.com"
| #define PACKAGE_URL ""
| #define STRESSAPPTEST_CPU_X86_64 /**/
| #define STRESSAPPTEST_OS_LINUX /**/
| #define PACKAGE "stressapptest"
| #define VERSION "1.0.6_autoconf"
| #define STRESSAPPTEST_TIMESTAMP "root @ slave1 on Fri Jun 21 17:28:15 UTC 2013"
| #define HAVE_DIRENT_H 1
| /* end confdefs.h.  */
| #include <ac_nonexistent.h>
configure:4656: result: gcc -E
configure:4676: gcc -E  conftest.c
configure:4676: $? = 0
configure:4690: gcc -E  conftest.c
conftest.c:15:28: fatal error: ac_nonexistent.h: No such file or directory
compilation terminated.
configure:4690: $? = 1
configure: failed program was:
| /* confdefs.h */
| #define PACKAGE_NAME "stressapptest"
| #define PACKAGE_TARNAME "stressapptest"
| #define PACKAGE_VERSION "1.0.6_autoconf"
| #define PACKAGE_STRING "stressapptest 1.0.6_autoconf"
| #define PACKAGE_BUGREPORT "opensource@google.com"
| #define PACKAGE_URL ""
| #define STRESSAPPTEST_CPU_X86_64 /**/
| #define STRESSAPPTEST_OS_LINUX /**/
| #define PACKAGE "stressapptest"
| #define VERSION "1.0.6_autoconf"
| #define STRESSAPPTEST_TIMESTAMP "root @ slave1 on Fri Jun 21 17:28:15 UTC 2013"
| #define HAVE_DIRENT_H 1
| /* end confdefs.h.  */
| #include <ac_nonexistent.h>
configure:4719: checking for grep that handles long lines and -e
configure:4777: result: /bin/grep
configure:4782: checking for egrep
configure:4844: result: /bin/grep -E
configure:4849: checking for ANSI C header files
configure:4869: gcc -c -g -O2  conftest.c >&5
configure:4869: $? = 0
configure:4942: gcc -o conftest -g -O2   conftest.c  >&5
configure:4942: $? = 0
configure:4942: ./conftest
configure:4942: $? = 0
configure:4953: result: yes
configure:4967: checking for sys/types.h
configure:4967: gcc -c -g -O2  conftest.c >&5
configure:4967: $? = 0
configure:4967: result: yes
configure:4967: checking for sys/stat.h
configure:4967: gcc -c -g -O2  conftest.c >&5
configure:4967: $? = 0
configure:4967: result: yes
configure:4967: checking for stdlib.h
configure:4967: gcc -c -g -O2  conftest.c >&5
configure:4967: $? = 0
configure:4967: result: yes
configure:4967: checking for string.h
configure:4967: gcc -c -g -O2  conftest.c >&5
configure:4967: $? = 0
configure:4967: result: yes
configure:4967: checking for memory.h
configure:4967: gcc -c -g -O2  conftest.c >&5
configure:4967: $? = 0
configure:4967: result: yes
configure:4967: checking for strings.h
configure:4967: gcc -c -g -O2  conftest.c >&5
configure:4967: $? = 0
configure:4967: result: yes
configure:4967: checking for inttypes.h
configure:4967: gcc -c -g -O2  conftest.c >&5
configure:4967: $? = 0
configure:4967: result: yes
configure:4967: checking for stdint.h
configure:4967: gcc -c -g -O2  conftest.c >&5
configure:4967: $? = 0
configure:4967: result: yes
configure:4967: checking for unistd.h
configure:4967: gcc -c -g -O2  conftest.c >&5
configure:4967: $? = 0
configure:4967: result: yes
configure:4983: checking arpa/inet.h usability
configure:4983: gcc -c -g -O2  conftest.c >&5
configure:4983: $? = 0
configure:4983: result: yes
configure:4983: checking arpa/inet.h presence
configure:4983: gcc -E  conftest.c
configure:4983: $? = 0
configure:4983: result: yes
configure:4983: checking for arpa/inet.h
configure:4983: result: yes
configure:4983: checking fcntl.h usability
configure:4983: gcc -c -g -O2  conftest.c >&5
configure:4983: $? = 0
configure:4983: result: yes
configure:4983: checking fcntl.h presence
configure:4983: gcc -E  conftest.c
configure:4983: $? = 0
configure:4983: result: yes
configure:4983: checking for fcntl.h
configure:4983: result: yes
configure:4983: checking netdb.h usability
configure:4983: gcc -c -g -O2  conftest.c >&5
configure:4983: $? = 0
configure:4983: result: yes
configure:4983: checking netdb.h presence
configure:4983: gcc -E  conftest.c
configure:4983: $? = 0
configure:4983: result: yes
configure:4983: checking for netdb.h
configure:4983: result: yes
configure:4983: checking for stdint.h
configure:4983: result: yes
configure:4983: checking for stdlib.h
configure:4983: result: yes
configure:4983: checking for string.h
configure:4983: result: yes
configure:4983: checking sys/ioctl.h usability
configure:4983: gcc -c -g -O2  conftest.c >&5
configure:4983: $? = 0
configure:4983: result: yes
configure:4983: checking sys/ioctl.h presence
configure:4983: gcc -E  conftest.c
configure:4983: $? = 0
configure:4983: result: yes
configure:4983: checking for sys/ioctl.h
configure:4983: result: yes
configure:4983: checking sys/socket.h usability
configure:4983: gcc -c -g -O2  conftest.c >&5
configure:4983: $? = 0
configure:4983: result: yes
configure:4983: checking sys/socket.h presence
configure:4983: gcc -E  conftest.c
configure:4983: $? = 0
configure:4983: result: yes
configure:4983: checking for sys/socket.h
configure:4983: result: yes
configure:4983: checking sys/time.h usability
configure:4983: gcc -c -g -O2  conftest.c >&5
configure:4983: $? = 0
configure:4983: result: yes
configure:4983: checking sys/time.h presence
configure:4983: gcc -E  conftest.c
configure:4983: $? = 0
configure:4983: result: yes
configure:4983: checking for sys/time.h
configure:4983: result: yes
configure:4983: checking for unistd.h
configure:4983: result: yes
configure:5001: checking pthread.h usability
configure:5001: gcc -c -g -O2  conftest.c >&5
configure:5001: $? = 0
configure:5001: result: yes
configure:5001: checking pthread.h presence
configure:5001: gcc -E  conftest.c
configure:5001: $? = 0
configure:5001: result: yes
configure:5001: checking for pthread.h
configure:5001: result: yes
configure:5011: checking for library containing pthread_create
configure:5042: gcc -o conftest -g -O2   conftest.c  >&5
/tmp/ccmskhbb.o: In function `main':
/tmp/vagrant-puppet/manifests/conftest.c:47: undefined reference to `pthread_create'
collect2: ld returned 1 exit status
configure:5042: $? = 1
configure: failed program was:
| /* confdefs.h */
| #define PACKAGE_NAME "stressapptest"
| #define PACKAGE_TARNAME "stressapptest"
| #define PACKAGE_VERSION "1.0.6_autoconf"
| #define PACKAGE_STRING "stressapptest 1.0.6_autoconf"
| #define PACKAGE_BUGREPORT "opensource@google.com"
| #define PACKAGE_URL ""
| #define STRESSAPPTEST_CPU_X86_64 /**/
| #define STRESSAPPTEST_OS_LINUX /**/
| #define PACKAGE "stressapptest"
| #define VERSION "1.0.6_autoconf"
| #define STRESSAPPTEST_TIMESTAMP "root @ slave1 on Fri Jun 21 17:28:15 UTC 2013"
| #define HAVE_DIRENT_H 1
| #define STDC_HEADERS 1
| #define HAVE_SYS_TYPES_H 1
| #define HAVE_SYS_STAT_H 1
| #define HAVE_STDLIB_H 1
| #define HAVE_STRING_H 1
| #define HAVE_MEMORY_H 1
| #define HAVE_STRINGS_H 1
| #define HAVE_INTTYPES_H 1
| #define HAVE_STDINT_H 1
| #define HAVE_UNISTD_H 1
| #define HAVE_ARPA_INET_H 1
| #define HAVE_FCNTL_H 1
| #define HAVE_NETDB_H 1
| #define HAVE_STDINT_H 1
| #define HAVE_STDLIB_H 1
| #define HAVE_STRING_H 1
| #define HAVE_SYS_IOCTL_H 1
| #define HAVE_SYS_SOCKET_H 1
| #define HAVE_SYS_TIME_H 1
| #define HAVE_UNISTD_H 1
| #define HAVE_PTHREAD_H 1
| /* end confdefs.h.  */
| 
| /* Override any GCC internal prototype to avoid an error.
|    Use char because int might match the return type of a GCC
|    builtin and then its argument prototype would still apply.  */
| #ifdef __cplusplus
| extern "C"
| #endif
| char pthread_create ();
| int
| main ()
| {
| return pthread_create ();
|   ;
|   return 0;
| }
configure:5042: gcc -o conftest -g -O2   conftest.c -lpthread   >&5
configure:5042: $? = 0
configure:5059: result: -lpthread
configure:5069: checking libaio.h usability
configure:5069: gcc -c -g -O2  conftest.c >&5
conftest.c:69:20: fatal error: libaio.h: No such file or directory
compilation terminated.
configure:5069: $? = 1
configure: failed program was:
| /* confdefs.h */
| #define PACKAGE_NAME "stressapptest"
| #define PACKAGE_TARNAME "stressapptest"
| #define PACKAGE_VERSION "1.0.6_autoconf"
| #define PACKAGE_STRING "stressapptest 1.0.6_autoconf"
| #define PACKAGE_BUGREPORT "opensource@google.com"
| #define PACKAGE_URL ""
| #define STRESSAPPTEST_CPU_X86_64 /**/
| #define STRESSAPPTEST_OS_LINUX /**/
| #define PACKAGE "stressapptest"
| #define VERSION "1.0.6_autoconf"
| #define STRESSAPPTEST_TIMESTAMP "root @ slave1 on Fri Jun 21 17:28:15 UTC 2013"
| #define HAVE_DIRENT_H 1
| #define STDC_HEADERS 1
| #define HAVE_SYS_TYPES_H 1
| #define HAVE_SYS_STAT_H 1
| #define HAVE_STDLIB_H 1
| #define HAVE_STRING_H 1
| #define HAVE_MEMORY_H 1
| #define HAVE_STRINGS_H 1
| #define HAVE_INTTYPES_H 1
| #define HAVE_STDINT_H 1
| #define HAVE_UNISTD_H 1
| #define HAVE_ARPA_INET_H 1
| #define HAVE_FCNTL_H 1
| #define HAVE_NETDB_H 1
| #define HAVE_STDINT_H 1
| #define HAVE_STDLIB_H 1
| #define HAVE_STRING_H 1
| #define HAVE_SYS_IOCTL_H 1
| #define HAVE_SYS_SOCKET_H 1
| #define HAVE_SYS_TIME_H 1
| #define HAVE_UNISTD_H 1
| #define HAVE_PTHREAD_H 1
| /* end confdefs.h.  */
| #include <stdio.h>
| #ifdef HAVE_SYS_TYPES_H
| # include <sys/types.h>
| #endif
| #ifdef HAVE_SYS_STAT_H
| # include <sys/stat.h>
| #endif
| #ifdef STDC_HEADERS
| # include <stdlib.h>
| # include <stddef.h>
| #else
| # ifdef HAVE_STDLIB_H
| #  include <stdlib.h>
| # endif
| #endif
| #ifdef HAVE_STRING_H
| # if !defined STDC_HEADERS && defined HAVE_MEMORY_H
| #  include <memory.h>
| # endif
| # include <string.h>
| #endif
| #ifdef HAVE_STRINGS_H
| # include <strings.h>
| #endif
| #ifdef HAVE_INTTYPES_H
| # include <inttypes.h>
| #endif
| #ifdef HAVE_STDINT_H
| # include <stdint.h>
| #endif
| #ifdef HAVE_UNISTD_H
| # include <unistd.h>
| #endif
| #include <libaio.h>
configure:5069: result: no
configure:5069: checking libaio.h presence
configure:5069: gcc -E  conftest.c
conftest.c:36:20: fatal error: libaio.h: No such file or directory
compilation terminated.
configure:5069: $? = 1
configure: failed program was:
| /* confdefs.h */
| #define PACKAGE_NAME "stressapptest"
| #define PACKAGE_TARNAME "stressapptest"
| #define PACKAGE_VERSION "1.0.6_autoconf"
| #define PACKAGE_STRING "stressapptest 1.0.6_autoconf"
| #define PACKAGE_BUGREPORT "opensource@google.com"
| #define PACKAGE_URL ""
| #define STRESSAPPTEST_CPU_X86_64 /**/
| #define STRESSAPPTEST_OS_LINUX /**/
| #define PACKAGE "stressapptest"
| #define VERSION "1.0.6_autoconf"
| #define STRESSAPPTEST_TIMESTAMP "root @ slave1 on Fri Jun 21 17:28:15 UTC 2013"
| #define HAVE_DIRENT_H 1
| #define STDC_HEADERS 1
| #define HAVE_SYS_TYPES_H 1
| #define HAVE_SYS_STAT_H 1
| #define HAVE_STDLIB_H 1
| #define HAVE_STRING_H 1
| #define HAVE_MEMORY_H 1
| #define HAVE_STRINGS_H 1
| #define HAVE_INTTYPES_H 1
| #define HAVE_STDINT_H 1
| #define HAVE_UNISTD_H 1
| #define HAVE_ARPA_INET_H 1
| #define HAVE_FCNTL_H 1
| #define HAVE_NETDB_H 1
| #define HAVE_STDINT_H 1
| #define HAVE_STDLIB_H 1
| #define HAVE_STRING_H 1
| #define HAVE_SYS_IOCTL_H 1
| #define HAVE_SYS_SOCKET_H 1
| #define HAVE_SYS_TIME_H 1
| #define HAVE_UNISTD_H 1
| #define HAVE_PTHREAD_H 1
| /* end confdefs.h.  */
| #include <libaio.h>
configure:5069: result: no
configure:5069: checking for libaio.h
configure:5069: result: no
configure:5079: checking for library containing io_setup
configure:5110: gcc -o conftest -g -O2   conftest.c -lpthread  >&5
/tmp/ccboOX9q.o: In function `main':
/tmp/vagrant-puppet/manifests/conftest.c:47: undefined reference to `io_setup'
collect2: ld returned 1 exit status
configure:5110: $? = 1
configure: failed program was:
| /* confdefs.h */
| #define PACKAGE_NAME "stressapptest"
| #define PACKAGE_TARNAME "stressapptest"
| #define PACKAGE_VERSION "1.0.6_autoconf"
| #define PACKAGE_STRING "stressapptest 1.0.6_autoconf"
| #define PACKAGE_BUGREPORT "opensource@google.com"
| #define PACKAGE_URL ""
| #define STRESSAPPTEST_CPU_X86_64 /**/
| #define STRESSAPPTEST_OS_LINUX /**/
| #define PACKAGE "stressapptest"
| #define VERSION "1.0.6_autoconf"
| #define STRESSAPPTEST_TIMESTAMP "root @ slave1 on Fri Jun 21 17:28:15 UTC 2013"
| #define HAVE_DIRENT_H 1
| #define STDC_HEADERS 1
| #define HAVE_SYS_TYPES_H 1
| #define HAVE_SYS_STAT_H 1
| #define HAVE_STDLIB_H 1
| #define HAVE_STRING_H 1
| #define HAVE_MEMORY_H 1
| #define HAVE_STRINGS_H 1
| #define HAVE_INTTYPES_H 1
| #define HAVE_STDINT_H 1
| #define HAVE_UNISTD_H 1
| #define HAVE_ARPA_INET_H 1
| #define HAVE_FCNTL_H 1
| #define HAVE_NETDB_H 1
| #define HAVE_STDINT_H 1
| #define HAVE_STDLIB_H 1
| #define HAVE_STRING_H 1
| #define HAVE_SYS_IOCTL_H 1
| #define HAVE_SYS_SOCKET_H 1
| #define HAVE_SYS_TIME_H 1
| #define HAVE_UNISTD_H 1
| #define HAVE_PTHREAD_H 1
| /* end confdefs.h.  */
| 
| /* Override any GCC internal prototype to avoid an error.
|    Use char because int might match the return type of a GCC
|    builtin and then its argument prototype would still apply.  */
| #ifdef __cplusplus
| extern "C"
| #endif
| char io_setup ();
| int
| main ()
| {
| return io_setup ();
|   ;
|   return 0;
| }
configure:5110: gcc -o conftest -g -O2   conftest.c -laio  -lpthread  >&5
/usr/bin/ld: cannot find -laio
collect2: ld returned 1 exit status
configure:5110: $? = 1
configure: failed program was:
| /* confdefs.h */
| #define PACKAGE_NAME "stressapptest"
| #define PACKAGE_TARNAME "stressapptest"
| #define PACKAGE_VERSION "1.0.6_autoconf"
| #define PACKAGE_STRING "stressapptest 1.0.6_autoconf"
| #define PACKAGE_BUGREPORT "opensource@google.com"
| #define PACKAGE_URL ""
| #define STRESSAPPTEST_CPU_X86_64 /**/
| #define STRESSAPPTEST_OS_LINUX /**/
| #define PACKAGE "stressapptest"
| #define VERSION "1.0.6_autoconf"
| #define STRESSAPPTEST_TIMESTAMP "root @ slave1 on Fri Jun 21 17:28:15 UTC 2013"
| #define HAVE_DIRENT_H 1
| #define STDC_HEADERS 1
| #define HAVE_SYS_TYPES_H 1
| #define HAVE_SYS_STAT_H 1
| #define HAVE_STDLIB_H 1
| #define HAVE_STRING_H 1
| #define HAVE_MEMORY_H 1
| #define HAVE_STRINGS_H 1
| #define HAVE_INTTYPES_H 1
| #define HAVE_STDINT_H 1
| #define HAVE_UNISTD_H 1
| #define HAVE_ARPA_INET_H 1
| #define HAVE_FCNTL_H 1
| #define HAVE_NETDB_H 1
| #define HAVE_STDINT_H 1
| #define HAVE_STDLIB_H 1
| #define HAVE_STRING_H 1
| #define HAVE_SYS_IOCTL_H 1
| #define HAVE_SYS_SOCKET_H 1
| #define HAVE_SYS_TIME_H 1
| #define HAVE_UNISTD_H 1
| #define HAVE_PTHREAD_H 1
| /* end confdefs.h.  */
| 
| /* Override any GCC internal prototype to avoid an error.
|    Use char because int might match the return type of a GCC
|    builtin and then its argument prototype would still apply.  */
| #ifdef __cplusplus
| extern "C"
| #endif
| char io_setup ();
| int
| main ()
| {
| return io_setup ();
|   ;
|   return 0;
| }
configure:5127: result: no
configure:5137: checking sys/shm.h usability
configure:5137: gcc -c -g -O2  conftest.c >&5
configure:5137: $? = 0
configure:5137: result: yes
configure:5137: checking sys/shm.h presence
configure:5137: gcc -E  conftest.c
configure:5137: $? = 0
configure:5137: result: yes
configure:5137: checking for sys/shm.h
configure:5137: result: yes
configure:5147: checking for library containing shm_open
configure:5178: gcc -o conftest -g -O2   conftest.c -lpthread  >&5
/tmp/ccCzCDyE.o: In function `main':
/tmp/vagrant-puppet/manifests/conftest.c:48: undefined reference to `shm_open'
collect2: ld returned 1 exit status
configure:5178: $? = 1
configure: failed program was:
| /* confdefs.h */
| #define PACKAGE_NAME "stressapptest"
| #define PACKAGE_TARNAME "stressapptest"
| #define PACKAGE_VERSION "1.0.6_autoconf"
| #define PACKAGE_STRING "stressapptest 1.0.6_autoconf"
| #define PACKAGE_BUGREPORT "opensource@google.com"
| #define PACKAGE_URL ""
| #define STRESSAPPTEST_CPU_X86_64 /**/
| #define STRESSAPPTEST_OS_LINUX /**/
| #define PACKAGE "stressapptest"
| #define VERSION "1.0.6_autoconf"
| #define STRESSAPPTEST_TIMESTAMP "root @ slave1 on Fri Jun 21 17:28:15 UTC 2013"
| #define HAVE_DIRENT_H 1
| #define STDC_HEADERS 1
| #define HAVE_SYS_TYPES_H 1
| #define HAVE_SYS_STAT_H 1
| #define HAVE_STDLIB_H 1
| #define HAVE_STRING_H 1
| #define HAVE_MEMORY_H 1
| #define HAVE_STRINGS_H 1
| #define HAVE_INTTYPES_H 1
| #define HAVE_STDINT_H 1
| #define HAVE_UNISTD_H 1
| #define HAVE_ARPA_INET_H 1
| #define HAVE_FCNTL_H 1
| #define HAVE_NETDB_H 1
| #define HAVE_STDINT_H 1
| #define HAVE_STDLIB_H 1
| #define HAVE_STRING_H 1
| #define HAVE_SYS_IOCTL_H 1
| #define HAVE_SYS_SOCKET_H 1
| #define HAVE_SYS_TIME_H 1
| #define HAVE_UNISTD_H 1
| #define HAVE_PTHREAD_H 1
| #define HAVE_SYS_SHM_H 1
| /* end confdefs.h.  */
| 
| /* Override any GCC internal prototype to avoid an error.
|    Use char because int might match the return type of a GCC
|    builtin and then its argument prototype would still apply.  */
| #ifdef __cplusplus
| extern "C"
| #endif
| char shm_open ();
| int
| main ()
| {
| return shm_open ();
|   ;
|   return 0;
| }
configure:5178: gcc -o conftest -g -O2   conftest.c -lrt  -lpthread  >&5
configure:5178: $? = 0
configure:5195: result: -lrt
configure:5204: checking for pthread_barrier
configure:5226: gcc -o conftest -g -O2   conftest.c -lrt -lpthread  >&5
configure:5226: $? = 0
configure:5226: ./conftest
configure:5226: $? = 0
configure:5239: result: yes
configure:5248: checking for stdbool.h that conforms to C99
configure:5333: gcc -c -g -O2  conftest.c >&5
configure:5333: $? = 0
configure:5340: result: yes
configure:5342: checking for _Bool
configure:5342: gcc -c -g -O2  conftest.c >&5
configure:5342: $? = 0
configure:5342: gcc -c -g -O2  conftest.c >&5
conftest.c: In function 'main':
conftest.c:74:20: error: expected expression before ')' token
configure:5342: $? = 1
configure: failed program was:
| /* confdefs.h */
| #define PACKAGE_NAME "stressapptest"
| #define PACKAGE_TARNAME "stressapptest"
| #define PACKAGE_VERSION "1.0.6_autoconf"
| #define PACKAGE_STRING "stressapptest 1.0.6_autoconf"
| #define PACKAGE_BUGREPORT "opensource@google.com"
| #define PACKAGE_URL ""
| #define STRESSAPPTEST_CPU_X86_64 /**/
| #define STRESSAPPTEST_OS_LINUX /**/
| #define PACKAGE "stressapptest"
| #define VERSION "1.0.6_autoconf"
| #define STRESSAPPTEST_TIMESTAMP "root @ slave1 on Fri Jun 21 17:28:15 UTC 2013"
| #define HAVE_DIRENT_H 1
| #define STDC_HEADERS 1
| #define HAVE_SYS_TYPES_H 1
| #define HAVE_SYS_STAT_H 1
| #define HAVE_STDLIB_H 1
| #define HAVE_STRING_H 1
| #define HAVE_MEMORY_H 1
| #define HAVE_STRINGS_H 1
| #define HAVE_INTTYPES_H 1
| #define HAVE_STDINT_H 1
| #define HAVE_UNISTD_H 1
| #define HAVE_ARPA_INET_H 1
| #define HAVE_FCNTL_H 1
| #define HAVE_NETDB_H 1
| #define HAVE_STDINT_H 1
| #define HAVE_STDLIB_H 1
| #define HAVE_STRING_H 1
| #define HAVE_SYS_IOCTL_H 1
| #define HAVE_SYS_SOCKET_H 1
| #define HAVE_SYS_TIME_H 1
| #define HAVE_UNISTD_H 1
| #define HAVE_PTHREAD_H 1
| #define HAVE_SYS_SHM_H 1
| #define HAVE_PTHREAD_BARRIER 1
| /* end confdefs.h.  */
| #include <stdio.h>
| #ifdef HAVE_SYS_TYPES_H
| # include <sys/types.h>
| #endif
| #ifdef HAVE_SYS_STAT_H
| # include <sys/stat.h>
| #endif
| #ifdef STDC_HEADERS
| # include <stdlib.h>
| # include <stddef.h>
| #else
| # ifdef HAVE_STDLIB_H
| #  include <stdlib.h>
| # endif
| #endif
| #ifdef HAVE_STRING_H
| # if !defined STDC_HEADERS && defined HAVE_MEMORY_H
| #  include <memory.h>
| # endif
| # include <string.h>
| #endif
| #ifdef HAVE_STRINGS_H
| # include <strings.h>
| #endif
| #ifdef HAVE_INTTYPES_H
| # include <inttypes.h>
| #endif
| #ifdef HAVE_STDINT_H
| # include <stdint.h>
| #endif
| #ifdef HAVE_UNISTD_H
| # include <unistd.h>
| #endif
| int
| main ()
| {
| if (sizeof ((_Bool)))
| 	    return 0;
|   ;
|   return 0;
| }
configure:5342: result: yes
configure:5358: checking for an ANSI C-conforming const
configure:5423: gcc -c -g -O2  conftest.c >&5
configure:5423: $? = 0
configure:5430: result: yes
configure:5438: checking for inline
configure:5454: gcc -c -g -O2  conftest.c >&5
configure:5454: $? = 0
configure:5462: result: inline
configure:5480: checking for pid_t
configure:5480: gcc -c -g -O2  conftest.c >&5
configure:5480: $? = 0
configure:5480: gcc -c -g -O2  conftest.c >&5
conftest.c: In function 'main':
conftest.c:76:20: error: expected expression before ')' token
configure:5480: $? = 1
configure: failed program was:
| /* confdefs.h */
| #define PACKAGE_NAME "stressapptest"
| #define PACKAGE_TARNAME "stressapptest"
| #define PACKAGE_VERSION "1.0.6_autoconf"
| #define PACKAGE_STRING "stressapptest 1.0.6_autoconf"
| #define PACKAGE_BUGREPORT "opensource@google.com"
| #define PACKAGE_URL ""
| #define STRESSAPPTEST_CPU_X86_64 /**/
| #define STRESSAPPTEST_OS_LINUX /**/
| #define PACKAGE "stressapptest"
| #define VERSION "1.0.6_autoconf"
| #define STRESSAPPTEST_TIMESTAMP "root @ slave1 on Fri Jun 21 17:28:15 UTC 2013"
| #define HAVE_DIRENT_H 1
| #define STDC_HEADERS 1
| #define HAVE_SYS_TYPES_H 1
| #define HAVE_SYS_STAT_H 1
| #define HAVE_STDLIB_H 1
| #define HAVE_STRING_H 1
| #define HAVE_MEMORY_H 1
| #define HAVE_STRINGS_H 1
| #define HAVE_INTTYPES_H 1
| #define HAVE_STDINT_H 1
| #define HAVE_UNISTD_H 1
| #define HAVE_ARPA_INET_H 1
| #define HAVE_FCNTL_H 1
| #define HAVE_NETDB_H 1
| #define HAVE_STDINT_H 1
| #define HAVE_STDLIB_H 1
| #define HAVE_STRING_H 1
| #define HAVE_SYS_IOCTL_H 1
| #define HAVE_SYS_SOCKET_H 1
| #define HAVE_SYS_TIME_H 1
| #define HAVE_UNISTD_H 1
| #define HAVE_PTHREAD_H 1
| #define HAVE_SYS_SHM_H 1
| #define HAVE_PTHREAD_BARRIER 1
| #define HAVE__BOOL 1
| #define HAVE_STDBOOL_H 1
| /* end confdefs.h.  */
| #include <stdio.h>
| #ifdef HAVE_SYS_TYPES_H
| # include <sys/types.h>
| #endif
| #ifdef HAVE_SYS_STAT_H
| # include <sys/stat.h>
| #endif
| #ifdef STDC_HEADERS
| # include <stdlib.h>
| # include <stddef.h>
| #else
| # ifdef HAVE_STDLIB_H
| #  include <stdlib.h>
| # endif
| #endif
| #ifdef HAVE_STRING_H
| # if !defined STDC_HEADERS && defined HAVE_MEMORY_H
| #  include <memory.h>
| # endif
| # include <string.h>
| #endif
| #ifdef HAVE_STRINGS_H
| # include <strings.h>
| #endif
| #ifdef HAVE_INTTYPES_H
| # include <inttypes.h>
| #endif
| #ifdef HAVE_STDINT_H
| # include <stdint.h>
| #endif
| #ifdef HAVE_UNISTD_H
| # include <unistd.h>
| #endif
| int
| main ()
| {
| if (sizeof ((pid_t)))
| 	    return 0;
|   ;
|   return 0;
| }
configure:5480: result: yes
configure:5491: checking for C/C++ restrict keyword
configure:5516: gcc -c -g -O2  conftest.c >&5
configure:5516: $? = 0
configure:5524: result: __restrict
configure:5537: checking for size_t
configure:5537: gcc -c -g -O2  conftest.c >&5
configure:5537: $? = 0
configure:5537: gcc -c -g -O2  conftest.c >&5
conftest.c: In function 'main':
conftest.c:77:21: error: expected expression before ')' token
configure:5537: $? = 1
configure: failed program was:
| /* confdefs.h */
| #define PACKAGE_NAME "stressapptest"
| #define PACKAGE_TARNAME "stressapptest"
| #define PACKAGE_VERSION "1.0.6_autoconf"
| #define PACKAGE_STRING "stressapptest 1.0.6_autoconf"
| #define PACKAGE_BUGREPORT "opensource@google.com"
| #define PACKAGE_URL ""
| #define STRESSAPPTEST_CPU_X86_64 /**/
| #define STRESSAPPTEST_OS_LINUX /**/
| #define PACKAGE "stressapptest"
| #define VERSION "1.0.6_autoconf"
| #define STRESSAPPTEST_TIMESTAMP "root @ slave1 on Fri Jun 21 17:28:15 UTC 2013"
| #define HAVE_DIRENT_H 1
| #define STDC_HEADERS 1
| #define HAVE_SYS_TYPES_H 1
| #define HAVE_SYS_STAT_H 1
| #define HAVE_STDLIB_H 1
| #define HAVE_STRING_H 1
| #define HAVE_MEMORY_H 1
| #define HAVE_STRINGS_H 1
| #define HAVE_INTTYPES_H 1
| #define HAVE_STDINT_H 1
| #define HAVE_UNISTD_H 1
| #define HAVE_ARPA_INET_H 1
| #define HAVE_FCNTL_H 1
| #define HAVE_NETDB_H 1
| #define HAVE_STDINT_H 1
| #define HAVE_STDLIB_H 1
| #define HAVE_STRING_H 1
| #define HAVE_SYS_IOCTL_H 1
| #define HAVE_SYS_SOCKET_H 1
| #define HAVE_SYS_TIME_H 1
| #define HAVE_UNISTD_H 1
| #define HAVE_PTHREAD_H 1
| #define HAVE_SYS_SHM_H 1
| #define HAVE_PTHREAD_BARRIER 1
| #define HAVE__BOOL 1
| #define HAVE_STDBOOL_H 1
| #define restrict __restrict
| /* end confdefs.h.  */
| #include <stdio.h>
| #ifdef HAVE_SYS_TYPES_H
| # include <sys/types.h>
| #endif
| #ifdef HAVE_SYS_STAT_H
| # include <sys/stat.h>
| #endif
| #ifdef STDC_HEADERS
| # include <stdlib.h>
| # include <stddef.h>
| #else
| # ifdef HAVE_STDLIB_H
| #  include <stdlib.h>
| # endif
| #endif
| #ifdef HAVE_STRING_H
| # if !defined STDC_HEADERS && defined HAVE_MEMORY_H
| #  include <memory.h>
| # endif
| # include <string.h>
| #endif
| #ifdef HAVE_STRINGS_H
| # include <strings.h>
| #endif
| #ifdef HAVE_INTTYPES_H
| # include <inttypes.h>
| #endif
| #ifdef HAVE_STDINT_H
| # include <stdint.h>
| #endif
| #ifdef HAVE_UNISTD_H
| # include <unistd.h>
| #endif
| int
| main ()
| {
| if (sizeof ((size_t)))
| 	    return 0;
|   ;
|   return 0;
| }
configure:5537: result: yes
configure:5548: checking for ssize_t
configure:5548: gcc -c -g -O2  conftest.c >&5
configure:5548: $? = 0
configure:5548: gcc -c -g -O2  conftest.c >&5
conftest.c: In function 'main':
conftest.c:77:22: error: expected expression before ')' token
configure:5548: $? = 1
configure: failed program was:
| /* confdefs.h */
| #define PACKAGE_NAME "stressapptest"
| #define PACKAGE_TARNAME "stressapptest"
| #define PACKAGE_VERSION "1.0.6_autoconf"
| #define PACKAGE_STRING "stressapptest 1.0.6_autoconf"
| #define PACKAGE_BUGREPORT "opensource@google.com"
| #define PACKAGE_URL ""
| #define STRESSAPPTEST_CPU_X86_64 /**/
| #define STRESSAPPTEST_OS_LINUX /**/
| #define PACKAGE "stressapptest"
| #define VERSION "1.0.6_autoconf"
| #define STRESSAPPTEST_TIMESTAMP "root @ slave1 on Fri Jun 21 17:28:15 UTC 2013"
| #define HAVE_DIRENT_H 1
| #define STDC_HEADERS 1
| #define HAVE_SYS_TYPES_H 1
| #define HAVE_SYS_STAT_H 1
| #define HAVE_STDLIB_H 1
| #define HAVE_STRING_H 1
| #define HAVE_MEMORY_H 1
| #define HAVE_STRINGS_H 1
| #define HAVE_INTTYPES_H 1
| #define HAVE_STDINT_H 1
| #define HAVE_UNISTD_H 1
| #define HAVE_ARPA_INET_H 1
| #define HAVE_FCNTL_H 1
| #define HAVE_NETDB_H 1
| #define HAVE_STDINT_H 1
| #define HAVE_STDLIB_H 1
| #define HAVE_STRING_H 1
| #define HAVE_SYS_IOCTL_H 1
| #define HAVE_SYS_SOCKET_H 1
| #define HAVE_SYS_TIME_H 1
| #define HAVE_UNISTD_H 1
| #define HAVE_PTHREAD_H 1
| #define HAVE_SYS_SHM_H 1
| #define HAVE_PTHREAD_BARRIER 1
| #define HAVE__BOOL 1
| #define HAVE_STDBOOL_H 1
| #define restrict __restrict
| /* end confdefs.h.  */
| #include <stdio.h>
| #ifdef HAVE_SYS_TYPES_H
| # include <sys/types.h>
| #endif
| #ifdef HAVE_SYS_STAT_H
| # include <sys/stat.h>
| #endif
| #ifdef STDC_HEADERS
| # include <stdlib.h>
| # include <stddef.h>
| #else
| # ifdef HAVE_STDLIB_H
| #  include <stdlib.h>
| # endif
| #endif
| #ifdef HAVE_STRING_H
| # if !defined STDC_HEADERS && defined HAVE_MEMORY_H
| #  include <memory.h>
| # endif
| # include <string.h>
| #endif
| #ifdef HAVE_STRINGS_H
| # include <strings.h>
| #endif
| #ifdef HAVE_INTTYPES_H
| # include <inttypes.h>
| #endif
| #ifdef HAVE_STDINT_H
| # include <stdint.h>
| #endif
| #ifdef HAVE_UNISTD_H
| # include <unistd.h>
| #endif
| int
| main ()
| {
| if (sizeof ((ssize_t)))
| 	    return 0;
|   ;
|   return 0;
| }
configure:5548: result: yes
configure:5559: checking whether time.h and sys/time.h may both be included
configure:5579: gcc -c -g -O2  conftest.c >&5
configure:5579: $? = 0
configure:5586: result: yes
configure:5594: checking for uint16_t
configure:5594: gcc -c -g -O2  conftest.c >&5
configure:5594: $? = 0
configure:5594: result: yes
configure:5606: checking for working volatile
configure:5625: gcc -c -g -O2  conftest.c >&5
configure:5625: $? = 0
configure:5632: result: yes
configure:5643: checking whether closedir returns void
configure:5667: gcc -o conftest -g -O2   conftest.c -lrt -lpthread  >&5
configure:5667: $? = 0
configure:5667: ./conftest
configure:5667: $? = 0
configure:5677: result: no
configure:5686: checking whether gcc needs -traditional
configure:5720: result: no
configure:5730: checking sys/select.h usability
configure:5730: gcc -c -g -O2  conftest.c >&5
configure:5730: $? = 0
configure:5730: result: yes
configure:5730: checking sys/select.h presence
configure:5730: gcc -E  conftest.c
configure:5730: $? = 0
configure:5730: result: yes
configure:5730: checking for sys/select.h
configure:5730: result: yes
configure:5730: checking for sys/socket.h
configure:5730: result: yes
configure:5741: checking types of arguments for select
configure:5769: gcc -c -g -O2  conftest.c >&5
configure:5769: $? = 0
configure:5780: result: int,fd_set *,struct timeval *
configure:5803: checking return type of signal handlers
configure:5821: gcc -c -g -O2  conftest.c >&5
conftest.c: In function 'main':
conftest.c:53:1: error: void value not ignored as it ought to be
configure:5821: $? = 1
configure: failed program was:
| /* confdefs.h */
| #define PACKAGE_NAME "stressapptest"
| #define PACKAGE_TARNAME "stressapptest"
| #define PACKAGE_VERSION "1.0.6_autoconf"
| #define PACKAGE_STRING "stressapptest 1.0.6_autoconf"
| #define PACKAGE_BUGREPORT "opensource@google.com"
| #define PACKAGE_URL ""
| #define STRESSAPPTEST_CPU_X86_64 /**/
| #define STRESSAPPTEST_OS_LINUX /**/
| #define PACKAGE "stressapptest"
| #define VERSION "1.0.6_autoconf"
| #define STRESSAPPTEST_TIMESTAMP "root @ slave1 on Fri Jun 21 17:28:15 UTC 2013"
| #define HAVE_DIRENT_H 1
| #define STDC_HEADERS 1
| #define HAVE_SYS_TYPES_H 1
| #define HAVE_SYS_STAT_H 1
| #define HAVE_STDLIB_H 1
| #define HAVE_STRING_H 1
| #define HAVE_MEMORY_H 1
| #define HAVE_STRINGS_H 1
| #define HAVE_INTTYPES_H 1
| #define HAVE_STDINT_H 1
| #define HAVE_UNISTD_H 1
| #define HAVE_ARPA_INET_H 1
| #define HAVE_FCNTL_H 1
| #define HAVE_NETDB_H 1
| #define HAVE_STDINT_H 1
| #define HAVE_STDLIB_H 1
| #define HAVE_STRING_H 1
| #define HAVE_SYS_IOCTL_H 1
| #define HAVE_SYS_SOCKET_H 1
| #define HAVE_SYS_TIME_H 1
| #define HAVE_UNISTD_H 1
| #define HAVE_PTHREAD_H 1
| #define HAVE_SYS_SHM_H 1
| #define HAVE_PTHREAD_BARRIER 1
| #define HAVE__BOOL 1
| #define HAVE_STDBOOL_H 1
| #define restrict __restrict
| #define TIME_WITH_SYS_TIME 1
| #define HAVE_SYS_SELECT_H 1
| #define HAVE_SYS_SOCKET_H 1
| #define SELECT_TYPE_ARG1 int
| #define SELECT_TYPE_ARG234 (fd_set *)
| #define SELECT_TYPE_ARG5 (struct timeval *)
| /* end confdefs.h.  */
| #include <sys/types.h>
| #include <signal.h>
| 
| int
| main ()
| {
| return *(signal (0, 0)) (0) == 1;
|   ;
|   return 0;
| }
configure:5828: result: void
configure:5836: checking whether strerror_r is declared
configure:5836: gcc -c -g -O2  conftest.c >&5
configure:5836: $? = 0
configure:5836: result: yes
configure:5849: checking for strerror_r
configure:5849: gcc -o conftest -g -O2   conftest.c -lrt -lpthread  >&5
configure:5849: $? = 0
configure:5849: result: yes
configure:5858: checking whether strerror_r returns char *
configure:5882: gcc -c -g -O2  conftest.c >&5
conftest.c: In function 'main':
conftest.c:88:13: error: invalid type argument of unary '*' (have 'int')
conftest.c:89:14: warning: initialization makes pointer from integer without a cast [enabled by default]
configure:5882: $? = 1
configure: failed program was:
| /* confdefs.h */
| #define PACKAGE_NAME "stressapptest"
| #define PACKAGE_TARNAME "stressapptest"
| #define PACKAGE_VERSION "1.0.6_autoconf"
| #define PACKAGE_STRING "stressapptest 1.0.6_autoconf"
| #define PACKAGE_BUGREPORT "opensource@google.com"
| #define PACKAGE_URL ""
| #define STRESSAPPTEST_CPU_X86_64 /**/
| #define STRESSAPPTEST_OS_LINUX /**/
| #define PACKAGE "stressapptest"
| #define VERSION "1.0.6_autoconf"
| #define STRESSAPPTEST_TIMESTAMP "root @ slave1 on Fri Jun 21 17:28:15 UTC 2013"
| #define HAVE_DIRENT_H 1
| #define STDC_HEADERS 1
| #define HAVE_SYS_TYPES_H 1
| #define HAVE_SYS_STAT_H 1
| #define HAVE_STDLIB_H 1
| #define HAVE_STRING_H 1
| #define HAVE_MEMORY_H 1
| #define HAVE_STRINGS_H 1
| #define HAVE_INTTYPES_H 1
| #define HAVE_STDINT_H 1
| #define HAVE_UNISTD_H 1
| #define HAVE_ARPA_INET_H 1
| #define HAVE_FCNTL_H 1
| #define HAVE_NETDB_H 1
| #define HAVE_STDINT_H 1
| #define HAVE_STDLIB_H 1
| #define HAVE_STRING_H 1
| #define HAVE_SYS_IOCTL_H 1
| #define HAVE_SYS_SOCKET_H 1
| #define HAVE_SYS_TIME_H 1
| #define HAVE_UNISTD_H 1
| #define HAVE_PTHREAD_H 1
| #define HAVE_SYS_SHM_H 1
| #define HAVE_PTHREAD_BARRIER 1
| #define HAVE__BOOL 1
| #define HAVE_STDBOOL_H 1
| #define restrict __restrict
| #define TIME_WITH_SYS_TIME 1
| #define HAVE_SYS_SELECT_H 1
| #define HAVE_SYS_SOCKET_H 1
| #define SELECT_TYPE_ARG1 int
| #define SELECT_TYPE_ARG234 (fd_set *)
| #define SELECT_TYPE_ARG5 (struct timeval *)
| #define RETSIGTYPE void
| #define HAVE_DECL_STRERROR_R 1
| #define HAVE_STRERROR_R 1
| /* end confdefs.h.  */
| #include <stdio.h>
| #ifdef HAVE_SYS_TYPES_H
| # include <sys/types.h>
| #endif
| #ifdef HAVE_SYS_STAT_H
| # include <sys/stat.h>
| #endif
| #ifdef STDC_HEADERS
| # include <stdlib.h>
| # include <stddef.h>
| #else
| # ifdef HAVE_STDLIB_H
| #  include <stdlib.h>
| # endif
| #endif
| #ifdef HAVE_STRING_H
| # if !defined STDC_HEADERS && defined HAVE_MEMORY_H
| #  include <memory.h>
| # endif
| # include <string.h>
| #endif
| #ifdef HAVE_STRINGS_H
| # include <strings.h>
| #endif
| #ifdef HAVE_INTTYPES_H
| # include <inttypes.h>
| #endif
| #ifdef HAVE_STDINT_H
| # include <stdint.h>
| #endif
| #ifdef HAVE_UNISTD_H
| # include <unistd.h>
| #endif
| int
| main ()
| {
| 
| 	  char buf[100];
| 	  char x = *strerror_r (0, buf, sizeof buf);
| 	  char *p = strerror_r (0, buf, sizeof buf);
| 	  return !p || x;
| 
|   ;
|   return 0;
| }
configure:5920: result: no
configure:5930: checking for vprintf
configure:5930: gcc -o conftest -g -O2   conftest.c -lrt -lpthread  >&5
conftest.c:73:6: warning: conflicting types for built-in function 'vprintf' [enabled by default]
configure:5930: $? = 0
configure:5930: result: yes
configure:5936: checking for _doprnt
configure:5936: gcc -o conftest -g -O2   conftest.c -lrt -lpthread  >&5
/tmp/ccdCBp94.o: In function `main':
/tmp/vagrant-puppet/manifests/conftest.c:85: undefined reference to `_doprnt'
collect2: ld returned 1 exit status
configure:5936: $? = 1
configure: failed program was:
| /* confdefs.h */
| #define PACKAGE_NAME "stressapptest"
| #define PACKAGE_TARNAME "stressapptest"
| #define PACKAGE_VERSION "1.0.6_autoconf"
| #define PACKAGE_STRING "stressapptest 1.0.6_autoconf"
| #define PACKAGE_BUGREPORT "opensource@google.com"
| #define PACKAGE_URL ""
| #define STRESSAPPTEST_CPU_X86_64 /**/
| #define STRESSAPPTEST_OS_LINUX /**/
| #define PACKAGE "stressapptest"
| #define VERSION "1.0.6_autoconf"
| #define STRESSAPPTEST_TIMESTAMP "root @ slave1 on Fri Jun 21 17:28:15 UTC 2013"
| #define HAVE_DIRENT_H 1
| #define STDC_HEADERS 1
| #define HAVE_SYS_TYPES_H 1
| #define HAVE_SYS_STAT_H 1
| #define HAVE_STDLIB_H 1
| #define HAVE_STRING_H 1
| #define HAVE_MEMORY_H 1
| #define HAVE_STRINGS_H 1
| #define HAVE_INTTYPES_H 1
| #define HAVE_STDINT_H 1
| #define HAVE_UNISTD_H 1
| #define HAVE_ARPA_INET_H 1
| #define HAVE_FCNTL_H 1
| #define HAVE_NETDB_H 1
| #define HAVE_STDINT_H 1
| #define HAVE_STDLIB_H 1
| #define HAVE_STRING_H 1
| #define HAVE_SYS_IOCTL_H 1
| #define HAVE_SYS_SOCKET_H 1
| #define HAVE_SYS_TIME_H 1
| #define HAVE_UNISTD_H 1
| #define HAVE_PTHREAD_H 1
| #define HAVE_SYS_SHM_H 1
| #define HAVE_PTHREAD_BARRIER 1
| #define HAVE__BOOL 1
| #define HAVE_STDBOOL_H 1
| #define restrict __restrict
| #define TIME_WITH_SYS_TIME 1
| #define HAVE_SYS_SELECT_H 1
| #define HAVE_SYS_SOCKET_H 1
| #define SELECT_TYPE_ARG1 int
| #define SELECT_TYPE_ARG234 (fd_set *)
| #define SELECT_TYPE_ARG5 (struct timeval *)
| #define RETSIGTYPE void
| #define HAVE_DECL_STRERROR_R 1
| #define HAVE_STRERROR_R 1
| #define HAVE_VPRINTF 1
| /* end confdefs.h.  */
| /* Define _doprnt to an innocuous variant, in case <limits.h> declares _doprnt.
|    For example, HP-UX 11i <limits.h> declares gettimeofday.  */
| #define _doprnt innocuous__doprnt
| 
| /* System header to define __stub macros and hopefully few prototypes,
|     which can conflict with char _doprnt (); below.
|     Prefer <limits.h> to <assert.h> if __STDC__ is defined, since
|     <limits.h> exists even on freestanding compilers.  */
| 
| #ifdef __STDC__
| # include <limits.h>
| #else
| # include <assert.h>
| #endif
| 
| #undef _doprnt
| 
| /* Override any GCC internal prototype to avoid an error.
|    Use char because int might match the return type of a GCC
|    builtin and then its argument prototype would still apply.  */
| #ifdef __cplusplus
| extern "C"
| #endif
| char _doprnt ();
| /* The GNU C library defines this for functions which it implements
|     to always fail with ENOSYS.  Some functions are actually named
|     something starting with __ and the normal name is an alias.  */
| #if defined __stub__doprnt || defined __stub____doprnt
| choke me
| #endif
| 
| int
| main ()
| {
| return _doprnt ();
|   ;
|   return 0;
| }
configure:5936: result: no
configure:5950: checking for ftruncate
configure:5950: gcc -o conftest -g -O2   conftest.c -lrt -lpthread  >&5
configure:5950: $? = 0
configure:5950: result: yes
configure:5950: checking for gettimeofday
configure:5950: gcc -o conftest -g -O2   conftest.c -lrt -lpthread  >&5
configure:5950: $? = 0
configure:5950: result: yes
configure:5950: checking for memset
configure:5950: gcc -o conftest -g -O2   conftest.c -lrt -lpthread  >&5
conftest.c:76:6: warning: conflicting types for built-in function 'memset' [enabled by default]
configure:5950: $? = 0
configure:5950: result: yes
configure:5950: checking for munmap
configure:5950: gcc -o conftest -g -O2   conftest.c -lrt -lpthread  >&5
configure:5950: $? = 0
configure:5950: result: yes
configure:5950: checking for select
configure:5950: gcc -o conftest -g -O2   conftest.c -lrt -lpthread  >&5
configure:5950: $? = 0
configure:5950: result: yes
configure:5950: checking for socket
configure:5950: gcc -o conftest -g -O2   conftest.c -lrt -lpthread  >&5
configure:5950: $? = 0
configure:5950: result: yes
configure:5950: checking for strtol
configure:5950: gcc -o conftest -g -O2   conftest.c -lrt -lpthread  >&5
configure:5950: $? = 0
configure:5950: result: yes
configure:5950: checking for strtoull
configure:5950: gcc -o conftest -g -O2   conftest.c -lrt -lpthread  >&5
configure:5950: $? = 0
configure:5950: result: yes
configure:5963: checking for mmap64
configure:5963: gcc -o conftest -g -O2   conftest.c -lrt -lpthread  >&5
configure:5963: $? = 0
configure:5963: result: yes
configure:5963: checking for posix_memalign
configure:5963: gcc -o conftest -g -O2   conftest.c -lrt -lpthread  >&5
configure:5963: $? = 0
configure:5963: result: yes
configure:5963: checking for rand_r
configure:5963: gcc -o conftest -g -O2   conftest.c -lrt -lpthread  >&5
configure:5963: $? = 0
configure:5963: result: yes
configure:5963: checking for sched_getaffinity
configure:5963: gcc -o conftest -g -O2   conftest.c -lrt -lpthread  >&5
configure:5963: $? = 0
configure:5963: result: yes
configure:6098: creating ./config.status

## ---------------------- ##
## Running config.status. ##
## ---------------------- ##

This file was extended by stressapptest config.status 1.0.6_autoconf, which was
generated by GNU Autoconf 2.65.  Invocation command line was

  CONFIG_FILES    = 
  CONFIG_HEADERS  = 
  CONFIG_LINKS    = 
  CONFIG_COMMANDS = 
  $ ./config.status 

on slave1

config.status:911: creating Makefile
config.status:911: creating src/Makefile
config.status:911: creating src/stressapptest_config.h
config.status:1124: executing depfiles commands

## ---------------- ##
## Cache variables. ##
## ---------------- ##

ac_cv_build=x86_64-unknown-linux-gnu
ac_cv_c_compiler_gnu=yes
ac_cv_c_const=yes
ac_cv_c_inline=inline
ac_cv_c_restrict=__restrict
ac_cv_c_uint16_t=yes
ac_cv_c_volatile=yes
ac_cv_cxx_compiler_gnu=yes
ac_cv_env_CCC_set=
ac_cv_env_CCC_value=
ac_cv_env_CC_set=
ac_cv_env_CC_value=
ac_cv_env_CFLAGS_set=
ac_cv_env_CFLAGS_value=
ac_cv_env_CPPFLAGS_set=
ac_cv_env_CPPFLAGS_value=
ac_cv_env_CPP_set=
ac_cv_env_CPP_value=
ac_cv_env_CXXFLAGS_set=
ac_cv_env_CXXFLAGS_value=
ac_cv_env_CXX_set=
ac_cv_env_CXX_value=
ac_cv_env_LDFLAGS_set=
ac_cv_env_LDFLAGS_value=
ac_cv_env_LIBS_set=
ac_cv_env_LIBS_value=
ac_cv_env_build_alias_set=
ac_cv_env_build_alias_value=
ac_cv_env_host_alias_set=
ac_cv_env_host_alias_value=
ac_cv_env_target_alias_set=
ac_cv_env_target_alias_value=
ac_cv_func__doprnt=no
ac_cv_func_closedir_void=no
ac_cv_func_ftruncate=yes
ac_cv_func_gettimeofday=yes
ac_cv_func_memset=yes
ac_cv_func_mmap64=yes
ac_cv_func_munmap=yes
ac_cv_func_posix_memalign=yes
ac_cv_func_pthread_barrier=yes
ac_cv_func_rand_r=yes
ac_cv_func_sched_getaffinity=yes
ac_cv_func_select=yes
ac_cv_func_select_args='int,fd_set *,struct timeval *'
ac_cv_func_socket=yes
ac_cv_func_strerror_r=yes
ac_cv_func_strerror_r_char_p=no
ac_cv_func_strtol=yes
ac_cv_func_strtoull=yes
ac_cv_func_vprintf=yes
ac_cv_have_decl_strerror_r=yes
ac_cv_header_arpa_inet_h=yes
ac_cv_header_dirent_dirent_h=yes
ac_cv_header_fcntl_h=yes
ac_cv_header_inttypes_h=yes
ac_cv_header_libaio_h=no
ac_cv_header_memory_h=yes
ac_cv_header_netdb_h=yes
ac_cv_header_pthread_h=yes
ac_cv_header_stdbool_h=yes
ac_cv_header_stdc=yes
ac_cv_header_stdint_h=yes
ac_cv_header_stdlib_h=yes
ac_cv_header_string_h=yes
ac_cv_header_strings_h=yes
ac_cv_header_sys_ioctl_h=yes
ac_cv_header_sys_select_h=yes
ac_cv_header_sys_shm_h=yes
ac_cv_header_sys_socket_h=yes
ac_cv_header_sys_stat_h=yes
ac_cv_header_sys_time_h=yes
ac_cv_header_sys_types_h=yes
ac_cv_header_time=yes
ac_cv_header_unistd_h=yes
ac_cv_host=x86_64-unknown-linux-gnu
ac_cv_objext=o
ac_cv_path_EGREP='/bin/grep -E'
ac_cv_path_GREP=/bin/grep
ac_cv_path_install='/usr/bin/install -c'
ac_cv_path_mkdir=/bin/mkdir
ac_cv_prog_AWK=mawk
ac_cv_prog_CPP='gcc -E'
ac_cv_prog_ac_ct_CC=gcc
ac_cv_prog_ac_ct_CXX=g++
ac_cv_prog_cc_c89=
ac_cv_prog_cc_g=yes
ac_cv_prog_cxx_g=yes
ac_cv_prog_gcc_traditional=no
ac_cv_prog_make_make_set=yes
ac_cv_search_io_setup=no
ac_cv_search_opendir='none required'
ac_cv_search_pthread_create=-lpthread
ac_cv_search_shm_open=-lrt
ac_cv_target=x86_64-unknown-linux-gnu
ac_cv_type__Bool=yes
ac_cv_type_pid_t=yes
ac_cv_type_signal=void
ac_cv_type_size_t=yes
ac_cv_type_ssize_t=yes
am_cv_CC_dependencies_compiler_type=gcc3
am_cv_CXX_dependencies_compiler_type=gcc3

## ----------------- ##
## Output variables. ##
## ----------------- ##

ACLOCAL='${SHELL} /vagrant/provision/files/stressapptest-1.0.6_autoconf/missing --run aclocal-1.11'
AMDEPBACKSLASH='\'
AMDEP_FALSE='#'
AMDEP_TRUE=''
AMTAR='${SHELL} /vagrant/provision/files/stressapptest-1.0.6_autoconf/missing --run tar'
AUTOCONF='${SHELL} /vagrant/provision/files/stressapptest-1.0.6_autoconf/missing --run autoconf'
AUTOHEADER='${SHELL} /vagrant/provision/files/stressapptest-1.0.6_autoconf/missing --run autoheader'
AUTOMAKE='${SHELL} /vagrant/provision/files/stressapptest-1.0.6_autoconf/missing --run automake-1.11'
AWK='mawk'
CC='gcc'
CCDEPMODE='depmode=gcc3'
CFLAGS='-g -O2'
CPP='gcc -E'
CPPFLAGS=''
CXX='g++'
CXXDEPMODE='depmode=gcc3'
CXXFLAGS=' -DCHECKOPTS -Wreturn-type -Wunused -Wuninitialized -Wall -Wno-psabi -O3 -funroll-all-loops  -funroll-loops -DNDEBUG'
CYGPATH_W='echo'
DEFS='-DHAVE_CONFIG_H'
DEPDIR='.deps'
ECHO_C=''
ECHO_N='-n'
ECHO_T=''
EGREP='/bin/grep -E'
EXEEXT=''
GREP='/bin/grep'
INSTALL_DATA='${INSTALL} -m 644'
INSTALL_PROGRAM='${INSTALL}'
INSTALL_SCRIPT='${INSTALL}'
INSTALL_STRIP_PROGRAM='$(install_sh) -c -s'
LDFLAGS=''
LIBOBJS=''
LIBS='-lrt -lpthread '
LTLIBOBJS=''
MAKEINFO='${SHELL} /vagrant/provision/files/stressapptest-1.0.6_autoconf/missing --run makeinfo'
MKDIR_P='/bin/mkdir -p'
OBJEXT='o'
PACKAGE='stressapptest'
PACKAGE_BUGREPORT='opensource@google.com'
PACKAGE_NAME='stressapptest'
PACKAGE_STRING='stressapptest 1.0.6_autoconf'
PACKAGE_TARNAME='stressapptest'
PACKAGE_URL=''
PACKAGE_VERSION='1.0.6_autoconf'
PATH_SEPARATOR=':'
SET_MAKE=''
SHELL='/bin/bash'
STRIP=''
VERSION='1.0.6_autoconf'
ac_ct_CC='gcc'
ac_ct_CXX='g++'
am__EXEEXT_FALSE=''
am__EXEEXT_TRUE='#'
am__fastdepCC_FALSE='#'
am__fastdepCC_TRUE=''
am__fastdepCXX_FALSE='#'
am__fastdepCXX_TRUE=''
am__include='include'
am__isrc=' -I$(srcdir)'
am__leading_dot='.'
am__quote=''
am__tar='${AMTAR} chof - "$$tardir"'
am__untar='${AMTAR} xf -'
bindir='${exec_prefix}/bin'
build='x86_64-unknown-linux-gnu'
build_alias=''
build_cpu='x86_64'
build_os='linux-gnu'
build_vendor='unknown'
datadir='${datarootdir}'
datarootdir='${prefix}/share'
docdir='${datarootdir}/doc/${PACKAGE_TARNAME}'
dvidir='${docdir}'
exec_prefix='${prefix}'
host='x86_64-unknown-linux-gnu'
host_alias=''
host_cpu='x86_64'
host_os='linux-gnu'
host_vendor='unknown'
htmldir='${docdir}'
includedir='${prefix}/include'
infodir='${datarootdir}/info'
install_sh='${SHELL} /vagrant/provision/files/stressapptest-1.0.6_autoconf/install-sh'
libdir='${exec_prefix}/lib'
libexecdir='${exec_prefix}/libexec'
localedir='${datarootdir}/locale'
localstatedir='${prefix}/var'
mandir='${datarootdir}/man'
mkdir_p='/bin/mkdir -p'
oldincludedir='/usr/include'
pdfdir='${docdir}'
prefix='/usr/local'
program_transform_name='s,x,x,'
psdir='${docdir}'
sbindir='${exec_prefix}/sbin'
sharedstatedir='${prefix}/com'
sysconfdir='${prefix}/etc'
target='x86_64-unknown-linux-gnu'
target_alias=''
target_cpu='x86_64'
target_os='linux-gnu'
target_vendor='unknown'

## ----------- ##
## confdefs.h. ##
## ----------- ##

/* confdefs.h */
#define PACKAGE_NAME "stressapptest"
#define PACKAGE_TARNAME "stressapptest"
#define PACKAGE_VERSION "1.0.6_autoconf"
#define PACKAGE_STRING "stressapptest 1.0.6_autoconf"
#define PACKAGE_BUGREPORT "opensource@google.com"
#define PACKAGE_URL ""
#define STRESSAPPTEST_CPU_X86_64 /**/
#define STRESSAPPTEST_OS_LINUX /**/
#define PACKAGE "stressapptest"
#define VERSION "1.0.6_autoconf"
#define STRESSAPPTEST_TIMESTAMP "root @ slave1 on Fri Jun 21 17:28:15 UTC 2013"
#define HAVE_DIRENT_H 1
#define STDC_HEADERS 1
#define HAVE_SYS_TYPES_H 1
#define HAVE_SYS_STAT_H 1
#define HAVE_STDLIB_H 1
#define HAVE_STRING_H 1
#define HAVE_MEMORY_H 1
#define HAVE_STRINGS_H 1
#define HAVE_INTTYPES_H 1
#define HAVE_STDINT_H 1
#define HAVE_UNISTD_H 1
#define HAVE_ARPA_INET_H 1
#define HAVE_FCNTL_H 1
#define HAVE_NETDB_H 1
#define HAVE_STDINT_H 1
#define HAVE_STDLIB_H 1
#define HAVE_STRING_H 1
#define HAVE_SYS_IOCTL_H 1
#define HAVE_SYS_SOCKET_H 1
#define HAVE_SYS_TIME_H 1
#define HAVE_UNISTD_H 1
#define HAVE_PTHREAD_H 1
#define HAVE_SYS_SHM_H 1
#define HAVE_PTHREAD_BARRIER 1
#define HAVE__BOOL 1
#define HAVE_STDBOOL_H 1
#define restrict __restrict
#define TIME_WITH_SYS_TIME 1
#define HAVE_SYS_SELECT_H 1
#define HAVE_SYS_SOCKET_H 1
#define SELECT_TYPE_ARG1 int
#define SELECT_TYPE_ARG234 (fd_set *)
#define SELECT_TYPE_ARG5 (struct timeval *)
#define RETSIGTYPE void
#define HAVE_DECL_STRERROR_R 1
#define HAVE_STRERROR_R 1
#define HAVE_VPRINTF 1
#define HAVE_FTRUNCATE 1
#define HAVE_GETTIMEOFDAY 1
#define HAVE_MEMSET 1
#define HAVE_MUNMAP 1
#define HAVE_SELECT 1
#define HAVE_SOCKET 1
#define HAVE_STRTOL 1
#define HAVE_STRTOULL 1
#define HAVE_MMAP64 1
#define HAVE_POSIX_MEMALIGN 1
#define HAVE_RAND_R 1
#define HAVE_SCHED_GETAFFINITY 1

configure: exit 0
